Application bundle generation failed. [6.699 seconds] - 2026-02-15T06:53:14.688Z

[1m[31m[31mX [41;31m[[41;97mERROR[41;31m][0m [1mTS2551: Property 'formattedTime' does not exist on type 'TestEngineComponent'. Did you mean 'formatTime'?[0m [1m[35m[plugin angular-compiler][0m

    src/app/components/test-engine/test-engine.component.html:6:15:
[37m      6 â”‚             {{ [32mformattedTime[37m }}
        â•µ                [32m~~~~~~~~~~~~~[0m

  Error occurs in the template of component TestEngineComponent.

    src/app/components/test-engine/test-engine.component.ts:11:17:
[37m      11 â”‚     templateUrl: [32m'./test-engine.component.html'[37m,
         â•µ                  [32m~~~~~~~~~~~~~~~~~~~~~~~~~~~~~~[0m


[31mX [41;31m[[41;97mERROR[41;31m][0m [1mTS2554: Expected 0 arguments, but got 1.[0m [1m[35m[plugin angular-compiler][0m

    src/app/components/test-engine/test-engine.component.html:24:98:
[37m      24 â”‚ ...er-green-200': getSelectedOption([32mi[37m) && i !== currentQuestionIndex,
         â•µ                                     [32m^[0m

  Error occurs in the template of component TestEngineComponent.

    src/app/components/test-engine/test-engine.component.ts:11:17:
[37m      11 â”‚     templateUrl: [32m'./test-engine.component.html'[37m,
         â•µ                  [32m~~~~~~~~~~~~~~~~~~~~~~~~~~~~~~[0m


[31mX [41;31m[[41;97mERROR[41;31m][0m [1mTS2554: Expected 0 arguments, but got 1.[0m [1m[35m[plugin angular-compiler][0m

    src/app/components/test-engine/test-engine.component.html:25:95:
[37m      25 â”‚ ...der-gray-200': !getSelectedOption([32mi[37m) && i !== currentQuestionIndex
         â•µ                                      [32m^[0m

  Error occurs in the template of component TestEngineComponent.

    src/app/components/test-engine/test-engine.component.ts:11:17:
[37m      11 â”‚     templateUrl: [32m'./test-engine.component.html'[37m,
         â•µ                  [32m~~~~~~~~~~~~~~~~~~~~~~~~~~~~~~[0m


[31mX [41;31m[[41;97mERROR[41;31m][0m [1mTS2339: Property 'test' does not exist on type 'TestEngineComponent'.[0m [1m[35m[plugin angular-compiler][0m

    src/app/components/test-engine/test-engine.component.html:58:71:
[37m      58 â”‚ ...xl font-bold text-gray-800">{{ [32mtest[37m?.title || 'Assessment' }}</h1>
         â•µ                                   [32m~~~~[0m

  Error occurs in the template of component TestEngineComponent.

    src/app/components/test-engine/test-engine.component.ts:11:17:
[37m      11 â”‚     templateUrl: [32m'./test-engine.component.html'[37m,
         â•µ                  [32m~~~~~~~~~~~~~~~~~~~~~~~~~~~~~~[0m

[39m[22m
